<?xml version="1.0" encoding="UTF-8"?>
<testsuite name="testLogAddressPrice.LogSearchResultTest" tests="1" skipped="0" failures="0" errors="0" timestamp="2022-05-26T10:00:24" hostname="Q70" time="18.488">
  <properties/>
  <testcase name="testMatchRegion" classname="testLogAddressPrice.LogSearchResultTest" time="18.488"/>
  <system-out><![CDATA[]]></system-out>
  <system-err><![CDATA[]]></system-err>
</testsuite>
