<?xml version="1.0" encoding="UTF-8"?>
<testsuite name="testLogAddressPrice.LogSearchResultTest" tests="1" skipped="0" failures="0" errors="0" timestamp="2022-05-24T15:37:39" hostname="Q70" time="15.247">
  <properties/>
  <testcase name="testMatchRegion" classname="testLogAddressPrice.LogSearchResultTest" time="15.247"/>
  <system-out><![CDATA[]]></system-out>
  <system-err><![CDATA[]]></system-err>
</testsuite>
